#
# A fatal error has been detected by the Java Runtime Environment:
#
#  SIGSEGV (0xb) at pc=0xb6e4b7c3, pid=5244, tid=3059202880
#
# JRE version: OpenJDK Runtime Environment (7.0_95) (build 1.7.0_95-b00)
# Java VM: OpenJDK Server VM (24.95-b01 mixed mode linux-x86 )
# Derivative: IcedTea 2.6.4
# Distribution: Ubuntu 14.04.3 LTS, package 7u95-2.6.4-0ubuntu0.14.04.1
# Problematic frame:
# V  [libjvm.so+0x7847c3]
#
# Failed to write core dump. Core dumps have been disabled. To enable core dumping, try "ulimit -c unlimited" before starting Java again
#
# If you would like to submit a bug report, please include
# instructions on how to reproduce the bug and visit:
#   http://icedtea.classpath.org/bugzilla
#

---------------  T H R E A D  ---------------

Current thread (0xb640a000):  JavaThread "main" [_thread_in_vm, id=5247, stack(0xb652b000,0xb657c000)]

siginfo:si_signo=SIGSEGV: si_errno=0, si_code=1 (SEGV_MAPERR), si_addr=0x14596184

Registers:
EAX=0xb641b7f0, EBX=0xb7110000, ECX=0x0020220d, EDX=0x0000126a
ESP=0xb6579640, EBP=0x0020220d, ESI=0x14596184, EDI=0x00000002
EIP=0xb6e4b7c3, EFLAGS=0x00010202, CR2=0x14596184

Top of Stack: (sp=0xb6579640)
0xb6579640:   8ae27e98 869b60dd 00000014 00000000
0xb6579650:   b640a000 a9d3ba00 00000001 b6416e28
0xb6579660:   b64120e0 8c81d078 b6e4b749 b7110000
0xb6579670:   00000050 869b60fe b640a000 b699ffe6
0xb6579680:   869b60fe 00000004 b65796b4 b640a000
0xb6579690:   b6407aa8 00000001 b6d74dc9 b7110000
0xb65796a0:   00000004 00000001 b6579c6c b6ea76a9
0xb65796b0:   8c81d080 0020220d 00000060 00000000 

Instructions: (pc=0xb6e4b7c3)
0xb6e4b7a3:   c8 f7 37 8b 47 04 31 ff 8d 04 90 8b 30 85 f6 75
0xb6e4b7b3:   0c eb 7e 66 90 8b 76 04 83 e6 fe 74 50 83 c7 01
0xb6e4b7c3:   3b 2e 75 f1 8b 44 24 44 8b 56 08 89 44 24 08 8b
0xb6e4b7d3:   44 24 40 89 14 24 89 54 24 18 89 44 24 04 e8 7a 

Register to memory mapping:

EAX=0xb641b7f0 is an unknown value
EBX=0xb7110000: <offset 0xa49000> in /usr/lib/jvm/java-7-openjdk-i386/jre/lib/i386/server/libjvm.so at 0xb66c7000
ECX=0x0020220d is an unknown value
EDX=0x0000126a is an unknown value
ESP=0xb6579640 is pointing into the stack for thread: 0xb640a000
EBP=0x0020220d is an unknown value
ESI=0x14596184 is an unknown value
EDI=0x00000002 is an unknown value


Stack: [0xb652b000,0xb657c000],  sp=0xb6579640,  free space=313k
Native frames: (J=compiled Java code, j=interpreted, Vv=VM code, C=native code)
V  [libjvm.so+0x7847c3]

Java frames: (J=compiled Java code, j=interpreted, Vv=VM code)
j  java.lang.ClassLoader.defineClass1(Ljava/lang/String;[BIILjava/security/ProtectionDomain;Ljava/lang/String;)Ljava/lang/Class;+0
j  java.lang.ClassLoader.defineClass(Ljava/lang/String;[BIILjava/security/ProtectionDomain;)Ljava/lang/Class;+30
j  java.security.SecureClassLoader.defineClass(Ljava/lang/String;[BIILjava/security/CodeSource;)Ljava/lang/Class;+12
j  java.net.URLClassLoader.defineClass(Ljava/lang/String;Lsun/misc/Resource;)Ljava/lang/Class;+220
j  java.net.URLClassLoader.access$100(Ljava/net/URLClassLoader;Ljava/lang/String;Lsun/misc/Resource;)Ljava/lang/Class;+3
j  java.net.URLClassLoader$1.run()Ljava/lang/Class;+43
j  java.net.URLClassLoader$1.run()Ljava/lang/Object;+1
v  ~StubRoutines::call_stub
j  java.security.AccessController.doPrivileged(Ljava/security/PrivilegedExceptionAction;Ljava/security/AccessControlContext;)Ljava/lang/Object;+0
j  java.net.URLClassLoader.findClass(Ljava/lang/String;)Ljava/lang/Class;+13
j  java.lang.ClassLoader.loadClass(Ljava/lang/String;Z)Ljava/lang/Class;+70
j  com.google.appengine.tools.development.DevAppServerClassLoader.loadClass(Ljava/lang/String;Z)Ljava/lang/Class;+77
j  java.lang.ClassLoader.loadClass(Ljava/lang/String;)Ljava/lang/Class;+3
v  ~StubRoutines::call_stub
j  com.google.appengine.tools.development.DevAppServerImpl.shutdown()V+21
j  com.google.appengine.tools.development.gwt.AppEngineLauncher$AppEngineServletContainer.stop()V+17
j  com.google.gwt.dev.DevMode.doShutDownServer()V+11
j  com.google.gwt.dev.DevModeBase.shutDown()V+14
j  com.google.gwt.dev.DevModeBase.run()V+24
j  com.google.gwt.dev.DevMode.main([Ljava/lang/String;)V+27
v  ~StubRoutines::call_stub

---------------  P R O C E S S  ---------------

Java Threads: ( => current thread )
  0x86e97c00 JavaThread "Timer-1" daemon [_thread_blocked, id=5273, stack(0x871af000,0x87200000)]
  0x8755ec00 JavaThread "32530047@qtp-7273640-1 - Acceptor0 SelectChannelConnector@0.0.0.0:8888" [_thread_in_native, id=5272, stack(0x876af000,0x87700000)]
  0x8755d000 JavaThread "15893619@qtp-7273640-0" [_thread_blocked, id=5271, stack(0x87f0d000,0x87f5e000)]
  0x88765c00 JavaThread "Code server listener" daemon [_thread_in_native, id=5268, stack(0x87d5e000,0x87daf000)]
  0x88dd8400 JavaThread "Timer-0" daemon [_thread_blocked, id=5267, stack(0x87daf000,0x87e00000)]
  0x88dd4000 JavaThread "pool-1-thread-1" [_thread_blocked, id=5265, stack(0x87f5e000,0x87faf000)]
  0x8845a800 JavaThread "Thread-2" daemon [_thread_blocked, id=5263, stack(0x87faf000,0x88000000)]
  0x88748800 JavaThread "Service Thread" daemon [_thread_blocked, id=5258, stack(0x88e19000,0x88e6a000)]
  0x88746800 JavaThread "C2 CompilerThread1" daemon [_thread_in_native, id=5257, stack(0x8867f000,0x88700000)]
  0x88745000 JavaThread "C2 CompilerThread0" daemon [_thread_blocked, id=5256, stack(0x88818000,0x88899000)]
  0x89328000 JavaThread "Signal Dispatcher" daemon [_thread_blocked, id=5255, stack(0x8900d000,0x8905e000)]
  0x89314800 JavaThread "Finalizer" daemon [_thread_blocked, id=5254, stack(0x8925e000,0x892af000)]
  0x89312c00 JavaThread "Reference Handler" daemon [_thread_blocked, id=5253, stack(0x892af000,0x89300000)]
=>0xb640a000 JavaThread "main" [_thread_in_vm, id=5247, stack(0xb652b000,0xb657c000)]

Other Threads:
  0x89310400 VMThread [stack: 0x89404000,0x89485000] [id=5252]
  0x88754000 WatcherThread [stack: 0x885fe000,0x8867f000] [id=5259]

VM state:not at safepoint (normal execution)

VM Mutex/Monitor currently owned by a thread: None

Heap
 PSYoungGen      total 107776K, used 37959K [0xa8800000, 0xb1900000, 0xb32c0000)
  eden space 84224K, 27% used [0xa8800000,0xa9e59790,0xada40000)
  from space 23552K, 64% used [0xada40000,0xae8f8850,0xaf140000)
  to   space 23808K, 0% used [0xb01c0000,0xb01c0000,0xb1900000)
 ParOldGen       total 90624K, used 42826K [0x932c0000, 0x98b40000, 0xa8800000)
  object space 90624K, 47% used [0x932c0000,0x95c929b0,0x98b40000)
 PSPermGen       total 22016K, used 21876K [0x8b2c0000, 0x8c840000, 0x932c0000)
  object space 22016K, 99% used [0x8b2c0000,0x8c81d0e0,0x8c840000)

Card table byte_map: [0x8b17f000,0x8b2c0000] byte_map_base: 0x8ad25a00

Polling page: 0xb7734000

Code Cache  [0xb3397000, 0xb35d7000, 0xb6397000)
 total_blobs=697 nmethods=547 adapters=104 free_code_cache=47658Kb largest_free_block=48779584

Compilation events (10 events):
Event: 1646.359 Thread 0x88746800 nmethod 632 0xb34f3148 code [0xb34f3240, 0xb34f32b0]
Event: 1746.359 Thread 0x88745000  633  s          java.io.ExpiringCache::get (39 bytes)
Event: 1746.386 Thread 0x88745000 nmethod 633 0xb34f3988 code [0xb34f3b00, 0xb34f42a4]
Event: 1806.362 Thread 0x88746800  634             java.lang.ThreadLocal::get (34 bytes)
Event: 1806.368 Thread 0x88746800 nmethod 634 0xb34f3588 code [0xb34f36a0, 0xb34f37c4]
Event: 1811.362 Thread 0x88745000  635             java.io.File::getCanonicalPath (31 bytes)
Event: 1811.362 Thread 0x88746800  636             java.io.UnixFileSystem::canonicalize (232 bytes)
Event: 1811.416 Thread 0x88746800 nmethod 636 0xb34fe788 code [0xb34fea00, 0xb34ff9b4]
Event: 1811.424 Thread 0x88745000 nmethod 635 0xb3500908 code [0xb3500ba0, 0xb3501cb4]
Event: 1955.428 Thread 0x88746800  637   !         sun.nio.cs.US_ASCII$Encoder::encodeArrayLoop (356 bytes)

GC Heap History (10 events):
Event: 3.758 GC heap before
{Heap before GC invocations=4 (full 0):
 PSYoungGen      total 36352K, used 36336K [0xa8800000, 0xacf00000, 0xb32c0000)
  eden space 33792K, 100% used [0xa8800000,0xaa900000,0xaa900000)
  from space 2560K, 99% used [0xaa900000,0xaab7c0a0,0xaab80000)
  to   space 2560K, 0% used [0xacc80000,0xacc80000,0xacf00000)
 ParOldGen       total 43520K, used 20799K [0x932c0000, 0x95d40000, 0xa8800000)
  object space 43520K, 47% used [0x932c0000,0x9470fcb0,0x95d40000)
 PSPermGen       total 16384K, used 6052K [0x8b2c0000, 0x8c2c0000, 0x932c0000)
  object space 16384K, 36% used [0x8b2c0000,0x8b8a9000,0x8c2c0000)
Event: 3.835 GC heap after
Heap after GC invocations=4 (full 0):
 PSYoungGen      total 70144K, used 2544K [0xa8800000, 0xacf00000, 0xb32c0000)
  eden space 67584K, 0% used [0xa8800000,0xa8800000,0xaca00000)
  from space 2560K, 99% used [0xacc80000,0xacefc040,0xacf00000)
  to   space 2560K, 0% used [0xaca00000,0xaca00000,0xacc80000)
 ParOldGen       total 43520K, used 37206K [0x932c0000, 0x95d40000, 0xa8800000)
  object space 43520K, 85% used [0x932c0000,0x95715998,0x95d40000)
 PSPermGen       total 16384K, used 6052K [0x8b2c0000, 0x8c2c0000, 0x932c0000)
  object space 16384K, 36% used [0x8b2c0000,0x8b8a9000,0x8c2c0000)
}
Event: 3.835 GC heap before
{Heap before GC invocations=5 (full 1):
 PSYoungGen      total 70144K, used 2544K [0xa8800000, 0xacf00000, 0xb32c0000)
  eden space 67584K, 0% used [0xa8800000,0xa8800000,0xaca00000)
  from space 2560K, 99% used [0xacc80000,0xacefc040,0xacf00000)
  to   space 2560K, 0% used [0xaca00000,0xaca00000,0xacc80000)
 ParOldGen       total 43520K, used 37206K [0x932c0000, 0x95d40000, 0xa8800000)
  object space 43520K, 85% used [0x932c0000,0x95715998,0x95d40000)
 PSPermGen       total 16384K, used 6052K [0x8b2c0000, 0x8c2c0000, 0x932c0000)
  object space 16384K, 36% used [0x8b2c0000,0x8b8a9000,0x8c2c0000)
Event: 4.406 GC heap after
Heap after GC invocations=5 (full 1):
 PSYoungGen      total 70144K, used 0K [0xa8800000, 0xacf00000, 0xb32c0000)
  eden space 67584K, 0% used [0xa8800000,0xa8800000,0xaca00000)
  from space 2560K, 0% used [0xacc80000,0xacc80000,0xacf00000)
  to   space 2560K, 0% used [0xaca00000,0xaca00000,0xacc80000)
 ParOldGen       total 90624K, used 37949K [0x932c0000, 0x98b40000, 0xa8800000)
  object space 90624K, 41% used [0x932c0000,0x957cf600,0x98b40000)
 PSPermGen       total 16384K, used 6046K [0x8b2c0000, 0x8c2c0000, 0x932c0000)
  object space 16384K, 36% used [0x8b2c0000,0x8b8a7890,0x8c2c0000)
}
Event: 7.831 GC heap before
{Heap before GC invocations=6 (full 1):
 PSYoungGen      total 70144K, used 67584K [0xa8800000, 0xacf00000, 0xb32c0000)
  eden space 67584K, 100% used [0xa8800000,0xaca00000,0xaca00000)
  from space 2560K, 0% used [0xacc80000,0xacc80000,0xacf00000)
  to   space 2560K, 0% used [0xaca00000,0xaca00000,0xacc80000)
 ParOldGen       total 90624K, used 37949K [0x932c0000, 0x98b40000, 0xa8800000)
  object space 90624K, 41% used [0x932c0000,0x957cf600,0x98b40000)
 PSPermGen       total 16384K, used 11482K [0x8b2c0000, 0x8c2c0000, 0x932c0000)
  object space 16384K, 70% used [0x8b2c0000,0x8bdf6908,0x8c2c0000)
Event: 7.853 GC heap after
Heap after GC invocations=6 (full 1):
 PSYoungGen      total 70144K, used 2552K [0xa8800000, 0xb0e80000, 0xb32c0000)
  eden space 67584K, 0% used [0xa8800000,0xa8800000,0xaca00000)
  from space 2560K, 99% used [0xaca00000,0xacc7e0f0,0xacc80000)
  to   space 25600K, 0% used [0xaf580000,0xaf580000,0xb0e80000)
 ParOldGen       total 90624K, used 42826K [0x932c0000, 0x98b40000, 0xa8800000)
  object space 90624K, 47% used [0x932c0000,0x95c929b0,0x98b40000)
 PSPermGen       total 16384K, used 11482K [0x8b2c0000, 0x8c2c0000, 0x932c0000)
  object space 16384K, 70% used [0x8b2c0000,0x8bdf6908,0x8c2c0000)
}
Event: 10.534 GC heap before
{Heap before GC invocations=7 (full 1):
 PSYoungGen      total 70144K, used 70136K [0xa8800000, 0xb0e80000, 0xb32c0000)
  eden space 67584K, 100% used [0xa8800000,0xaca00000,0xaca00000)
  from space 2560K, 99% used [0xaca00000,0xacc7e0f0,0xacc80000)
  to   space 25600K, 0% used [0xaf580000,0xaf580000,0xb0e80000)
 ParOldGen       total 90624K, used 42826K [0x932c0000, 0x98b40000, 0xa8800000)
  object space 90624K, 47% used [0x932c0000,0x95c929b0,0x98b40000)
 PSPermGen       total 16384K, used 14545K [0x8b2c0000, 0x8c2c0000, 0x932c0000)
  object space 16384K, 88% used [0x8b2c0000,0x8c0f46c8,0x8c2c0000)
Event: 10.584 GC heap after
Heap after GC invocations=7 (full 1):
 PSYoungGen      total 103424K, used 9583K [0xa8800000, 0xb0840000, 0xb32c0000)
  eden space 84224K, 0% used [0xa8800000,0xa8800000,0xada40000)
  from space 19200K, 49% used [0xaf580000,0xafedbf98,0xb0840000)
  to   space 23552K, 0% used [0xada40000,0xada40000,0xaf140000)
 ParOldGen       total 90624K, used 42826K [0x932c0000, 0x98b40000, 0xa8800000)
  object space 90624K, 47% used [0x932c0000,0x95c929b0,0x98b40000)
 PSPermGen       total 16384K, used 14545K [0x8b2c0000, 0x8c2c0000, 0x932c0000)
  object space 16384K, 88% used [0x8b2c0000,0x8c0f46c8,0x8c2c0000)
}
Event: 75.859 GC heap before
{Heap before GC invocations=8 (full 1):
 PSYoungGen      total 103424K, used 93807K [0xa8800000, 0xb0840000, 0xb32c0000)
  eden space 84224K, 100% used [0xa8800000,0xada40000,0xada40000)
  from space 19200K, 49% used [0xaf580000,0xafedbf98,0xb0840000)
  to   space 23552K, 0% used [0xada40000,0xada40000,0xaf140000)
 ParOldGen       total 90624K, used 42826K [0x932c0000, 0x98b40000, 0xa8800000)
  object space 90624K, 47% used [0x932c0000,0x95c929b0,0x98b40000)
 PSPermGen       total 21248K, used 21230K [0x8b2c0000, 0x8c780000, 0x932c0000)
  object space 21248K, 99% used [0x8b2c0000,0x8c77b978,0x8c780000)
Event: 75.907 GC heap after
Heap after GC invocations=8 (full 1):
 PSYoungGen      total 107776K, used 15074K [0xa8800000, 0xb1900000, 0xb32c0000)
  eden space 84224K, 0% used [0xa8800000,0xa8800000,0xada40000)
  from space 23552K, 64% used [0xada40000,0xae8f8850,0xaf140000)
  to   space 23808K, 0% used [0xb01c0000,0xb01c0000,0xb1900000)
 ParOldGen       total 90624K, used 42826K [0x932c0000, 0x98b40000, 0xa8800000)
  object space 90624K, 47% used [0x932c0000,0x95c929b0,0x98b40000)
 PSPermGen       total 21248K, used 21230K [0x8b2c0000, 0x8c780000, 0x932c0000)
  object space 21248K, 99% used [0x8b2c0000,0x8c77b978,0x8c780000)
}

Deoptimization events (10 events):
Event: 76.364 Thread 0x8755d000 Uncommon trap: reason=class_check action=maybe_recompile pc=0xb344f208 method=java.util.Hashtable.get(Ljava/lang/Object;)Ljava/lang/Object; @ 46
Event: 76.364 Thread 0x8755d000 Uncommon trap: reason=class_check action=maybe_recompile pc=0xb344f208 method=java.util.Hashtable.get(Ljava/lang/Object;)Ljava/lang/Object; @ 46
Event: 76.856 Thread 0x8755d000 Uncommon trap: reason=unstable_if action=reinterpret pc=0xb34f1110 method=java.io.FilePermission.impliesIgnoreMask(Ljava/io/FilePermission;)Z @ 183
Event: 76.856 Thread 0x8755d000 Uncommon trap: reason=unstable_if action=reinterpret pc=0xb34e9f20 method=java.io.FilePermission.impliesIgnoreMask(Ljava/io/FilePermission;)Z @ 18
Event: 88.899 Thread 0x8755ec00 Uncommon trap: reason=predicate action=maybe_recompile pc=0xb34b643c method=java.util.Arrays.fill([Ljava/lang/Object;Ljava/lang/Object;)V @ 10
Event: 192.784 Thread 0x8755ec00 Uncommon trap: reason=unstable_if action=reinterpret pc=0xb345dd3c method=java.util.HashMap.isEmpty()Z @ 4
Event: 277.883 Thread 0x8755ec00 Uncommon trap: reason=array_check action=maybe_recompile pc=0xb3477b7c method=java.util.Arrays.fill([Ljava/lang/Object;Ljava/lang/Object;)V @ 13
Event: 278.884 Thread 0x8755ec00 Uncommon trap: reason=array_check action=maybe_recompile pc=0xb3477b7c method=java.util.Arrays.fill([Ljava/lang/Object;Ljava/lang/Object;)V @ 13
Event: 279.885 Thread 0x8755ec00 Uncommon trap: reason=array_check action=maybe_recompile pc=0xb3477b7c method=java.util.Arrays.fill([Ljava/lang/Object;Ljava/lang/Object;)V @ 13
Event: 280.886 Thread 0x8755ec00 Uncommon trap: reason=array_check action=maybe_recompile pc=0xb3477b7c method=java.util.Arrays.fill([Ljava/lang/Object;Ljava/lang/Object;)V @ 13

Internal exceptions (10 events):
Event: 75.648 Thread 0x8755d000 Threw 0xad46bbc0 at /build/openjdk-7-EUuUjL/openjdk-7-7u95-2.6.4/build/openjdk/hotspot/src/share/vm/prims/jvm.cpp:1322
Event: 75.652 Thread 0x8755d000 Threw 0xad4890f8 at /build/openjdk-7-EUuUjL/openjdk-7-7u95-2.6.4/build/openjdk/hotspot/src/share/vm/prims/jvm.cpp:1322
Event: 75.652 Thread 0x8755d000 Threw 0xad48d978 at /build/openjdk-7-EUuUjL/openjdk-7-7u95-2.6.4/build/openjdk/hotspot/src/share/vm/prims/jvm.cpp:1322
Event: 75.771 Thread 0x8755d000 Threw 0xad6cc540 at /build/openjdk-7-EUuUjL/openjdk-7-7u95-2.6.4/build/openjdk/hotspot/src/share/vm/interpreter/interpreterRuntime.cpp:376
Event: 1955.428 Thread 0x88459400 Threw 0xa9cb32e0 at /build/openjdk-7-EUuUjL/openjdk-7-7u95-2.6.4/build/openjdk/hotspot/src/share/vm/prims/jni.cpp:721
Event: 1955.428 Thread 0x88459400 Threw 0xa9cb3450 at /build/openjdk-7-EUuUjL/openjdk-7-7u95-2.6.4/build/openjdk/hotspot/src/share/vm/prims/jni.cpp:721
Event: 1955.428 Thread 0x88459400 Threw 0xa9cb3660 at /build/openjdk-7-EUuUjL/openjdk-7-7u95-2.6.4/build/openjdk/hotspot/src/share/vm/prims/jni.cpp:721
Event: 1955.428 Thread 0x88459400 Threw 0xa9cb37d0 at /build/openjdk-7-EUuUjL/openjdk-7-7u95-2.6.4/build/openjdk/hotspot/src/share/vm/prims/jni.cpp:721
Event: 1955.429 Thread 0xb640a000 Threw 0xa9d370a8 at /build/openjdk-7-EUuUjL/openjdk-7-7u95-2.6.4/build/openjdk/hotspot/src/share/vm/prims/jni.cpp:721
Event: 1955.429 Thread 0xb640a000 Threw 0xa9d37218 at /build/openjdk-7-EUuUjL/openjdk-7-7u95-2.6.4/build/openjdk/hotspot/src/share/vm/prims/jni.cpp:721

Events (10 events):
Event: 278.884 Thread 0x8755ec00 DEOPT UNPACKING pc=0xb33c3bc8 sp=0x876fed44 mode 2
Event: 279.885 Thread 0x8755ec00 Uncommon trap: trap_request=0xffffffd6 fr.pc=0xb3477b7c
Event: 279.885 Thread 0x8755ec00 DEOPT PACKING pc=0xb3477b7c sp=0x876fed60
Event: 279.885 Thread 0x8755ec00 DEOPT UNPACKING pc=0xb33c3bc8 sp=0x876fed44 mode 2
Event: 280.886 Thread 0x8755ec00 Uncommon trap: trap_request=0xffffffd6 fr.pc=0xb3477b7c
Event: 280.886 Thread 0x8755ec00 DEOPT PACKING pc=0xb3477b7c sp=0x876fed60
Event: 280.886 Thread 0x8755ec00 DEOPT UNPACKING pc=0xb33c3bc8 sp=0x876fed44 mode 2
Event: 1955.428 Thread 0x88459400 Thread exited: 0x88459400
Event: 1955.429 loading class 0x87cfa568
Event: 1955.429 loading class 0x87cfa568 done


Dynamic libraries:
08048000-08049000 r-xp 00000000 08:05 2097321    /usr/lib/jvm/java-7-openjdk-i386/jre/bin/java
08049000-0804a000 r--p 00000000 08:05 2097321    /usr/lib/jvm/java-7-openjdk-i386/jre/bin/java
0804a000-0804b000 rw-p 00001000 08:05 2097321    /usr/lib/jvm/java-7-openjdk-i386/jre/bin/java
09270000-09a96000 rw-p 00000000 00:00 0          [heap]
86900000-869fe000 rw-p 00000000 00:00 0 
869fe000-86a00000 ---p 00000000 00:00 0 
86a00000-86a75000 rw-p 00000000 00:00 0 
86a75000-86b00000 ---p 00000000 00:00 0 
86b00000-86cfe000 rw-p 00000000 00:00 0 
86cfe000-86d00000 ---p 00000000 00:00 0 
86e00000-86efc000 rw-p 00000000 00:00 0 
86efc000-86f00000 ---p 00000000 00:00 0 
86f00000-86fff000 rw-p 00000000 00:00 0 
86fff000-87000000 ---p 00000000 00:00 0 
87000000-87100000 rw-p 00000000 00:00 0 
871af000-871b2000 ---p 00000000 00:00 0 
871b2000-87200000 rw-p 00000000 00:00 0          [stack:5273]
87200000-87300000 rw-p 00000000 00:00 0 
87314000-873cc000 r--s 0082f000 08:05 150464     /home/kassuskley/Desktop/khedma/Programming/WorkspaceJava/idsLab5Cloud/war/WEB-INF/lib/gwt-servlet.jar
873cc000-87500000 r--s 00f9a000 08:05 150471     /home/kassuskley/Desktop/khedma/Programming/WorkspaceJava/idsLab5Cloud/war/WEB-INF/lib/appengine-api-1.0-sdk-1.9.34.jar
87500000-875f0000 rw-p 00000000 00:00 0 
875f0000-87600000 ---p 00000000 00:00 0 
8764b000-8767a000 r--s 001d1000 08:05 150468     /home/kassuskley/Desktop/khedma/Programming/WorkspaceJava/idsLab5Cloud/war/WEB-INF/lib/appengine-endpoints.jar
8767a000-876af000 r--s 0049c000 08:05 150466     /home/kassuskley/Desktop/khedma/Programming/WorkspaceJava/idsLab5Cloud/war/WEB-INF/lib/appengine-api-labs.jar
876af000-876b2000 ---p 00000000 00:00 0 
876b2000-87700000 rw-p 00000000 00:00 0          [stack:5272]
87700000-877f9000 rw-p 00000000 00:00 0 
877f9000-87800000 ---p 00000000 00:00 0 
87802000-87936000 r--s 00f9a000 08:05 2908808    /home/kassuskley/Downloads/appengine-java-sdk-1.9.34/lib/impl/appengine-api.jar
87936000-879cb000 r--s 007a2000 08:05 2908810    /home/kassuskley/Downloads/appengine-java-sdk-1.9.34/lib/impl/appengine-local-runtime.jar
879cb000-87a00000 r--s 0049c000 08:05 2908803    /home/kassuskley/Downloads/appengine-java-sdk-1.9.34/lib/impl/appengine-api-labs.jar
87a00000-87ae4000 rw-p 00000000 00:00 0 
87ae4000-87b00000 ---p 00000000 00:00 0 
87b19000-87b32000 r--s 0018e000 08:05 150479     /home/kassuskley/Desktop/khedma/Programming/WorkspaceJava/idsLab5Cloud/war/WEB-INF/lib/datanucleus-core-3.1.3.jar
87b32000-87ba0000 r--s 0070b000 08:05 2908812    /home/kassuskley/Downloads/appengine-java-sdk-1.9.34/lib/impl/google_sql.jar
87ba0000-87c00000 r--s 005dc000 08:05 2908806    /home/kassuskley/Downloads/appengine-java-sdk-1.9.34/lib/impl/appengine-api-stubs.jar
87c00000-87cfb000 rw-p 00000000 00:00 0 
87cfb000-87d00000 ---p 00000000 00:00 0 
87d0d000-87d10000 ---p 00000000 00:00 0 
87d10000-87d5e000 rw-p 00000000 00:00 0 
87d5e000-87d61000 ---p 00000000 00:00 0 
87d61000-87daf000 rw-p 00000000 00:00 0          [stack:5268]
87daf000-87db2000 ---p 00000000 00:00 0 
87db2000-87e00000 rw-p 00000000 00:00 0          [stack:5267]
87e00000-87eff000 rw-p 00000000 00:00 0 
87eff000-87f00000 ---p 00000000 00:00 0 
87f02000-87f03000 rw-p 00000000 00:00 0 
87f03000-87f05000 r--s 00012000 08:05 2908988    /home/kassuskley/Downloads/appengine-java-sdk-1.9.34/lib/opt/tools/appengine-local-endpoints/v1/appengine-local-endpoints.jar
87f05000-87f0a000 r--s 00049000 08:05 150488     /home/kassuskley/Desktop/khedma/Programming/WorkspaceJava/idsLab5Cloud/war/WEB-INF/lib/datanucleus-api-jdo-3.1.3.jar
87f0a000-87f0b000 r--s 00003000 08:05 150487     /home/kassuskley/Desktop/khedma/Programming/WorkspaceJava/idsLab5Cloud/war/WEB-INF/lib/jta-1.1.jar
87f0b000-87f0d000 r--s 00003000 08:05 150467     /home/kassuskley/Desktop/khedma/Programming/WorkspaceJava/idsLab5Cloud/war/WEB-INF/lib/appengine-endpoints-deps.jar
87f0d000-87f10000 ---p 00000000 00:00 0 
87f10000-87f5e000 rw-p 00000000 00:00 0          [stack:5271]
87f5e000-87f61000 ---p 00000000 00:00 0 
87f61000-87faf000 rw-p 00000000 00:00 0          [stack:5265]
87faf000-87fb2000 ---p 00000000 00:00 0 
87fb2000-88000000 rw-p 00000000 00:00 0          [stack:5263]
88000000-880ee000 rw-p 00000000 00:00 0 
880ee000-88100000 ---p 00000000 00:00 0 
88100000-88106000 r--s 0002c000 08:05 150476     /home/kassuskley/Desktop/khedma/Programming/WorkspaceJava/idsLab5Cloud/war/WEB-INF/lib/jdo-api-3.0.1.jar
88106000-88108000 r--s 0000a000 08:05 150475     /home/kassuskley/Desktop/khedma/Programming/WorkspaceJava/idsLab5Cloud/war/WEB-INF/lib/asm-4.0.jar
88108000-8810c000 r--s 0003b000 08:05 150474     /home/kassuskley/Desktop/khedma/Programming/WorkspaceJava/idsLab5Cloud/war/WEB-INF/lib/datanucleus-api-jpa-3.1.3.jar
8810c000-88116000 r--s 0004b000 08:05 2909108    /home/kassuskley/Downloads/appengine-java-sdk-1.9.34/lib/tools/jsp/repackaged-appengine-jakarta-standard-1.1.2.jar
88116000-88122000 r--s 00152000 08:05 2909110    /home/kassuskley/Downloads/appengine-java-sdk-1.9.34/lib/tools/jsp/repackaged-appengine-jasper-jdt-6.0.29.jar
88122000-88125000 ---p 00000000 00:00 0 
88125000-88173000 rw-p 00000000 00:00 0 
88173000-8827d000 r-xp 00000000 08:05 656406     /lib/i386-linux-gnu/libglib-2.0.so.0.4002.0
8827d000-8827e000 r--p 00109000 08:05 656406     /lib/i386-linux-gnu/libglib-2.0.so.0.4002.0
8827e000-8827f000 rw-p 0010a000 08:05 656406     /lib/i386-linux-gnu/libglib-2.0.so.0.4002.0
8827f000-883fc000 r-xp 00000000 08:05 1973161    /usr/lib/i386-linux-gnu/libgio-2.0.so.0.4002.0
883fc000-883fe000 r--p 0017d000 08:05 1973161    /usr/lib/i386-linux-gnu/libgio-2.0.so.0.4002.0
883fe000-883ff000 rw-p 0017f000 08:05 1973161    /usr/lib/i386-linux-gnu/libgio-2.0.so.0.4002.0
883ff000-88400000 rw-p 00000000 00:00 0 
88400000-884fc000 rw-p 00000000 00:00 0 
884fc000-88500000 ---p 00000000 00:00 0 
88500000-88506000 r--s 0004e000 08:05 150473     /home/kassuskley/Desktop/khedma/Programming/WorkspaceJava/idsLab5Cloud/war/WEB-INF/lib/datanucleus-appengine-2.1.2.jar
88506000-88510000 r--s 000ae000 08:05 2099592    /usr/lib/jvm/java-7-openjdk-i386/jre/lib/resources.jar
88510000-88515000 r-xp 00000000 08:05 655620     /lib/i386-linux-gnu/libnss_dns-2.19.so
88515000-88516000 r--p 00004000 08:05 655620     /lib/i386-linux-gnu/libnss_dns-2.19.so
88516000-88517000 rw-p 00005000 08:05 655620     /lib/i386-linux-gnu/libnss_dns-2.19.so
88517000-88553000 r-xp 00000000 08:05 655552     /lib/i386-linux-gnu/libpcre.so.3.13.1
88553000-88554000 r--p 0003b000 08:05 655552     /lib/i386-linux-gnu/libpcre.so.3.13.1
88554000-88555000 rw-p 0003c000 08:05 655552     /lib/i386-linux-gnu/libpcre.so.3.13.1
88555000-88575000 r-xp 00000000 08:05 656506     /lib/i386-linux-gnu/libselinux.so.1
88575000-88576000 r--p 0001f000 08:05 656506     /lib/i386-linux-gnu/libselinux.so.1
88576000-88577000 rw-p 00020000 08:05 656506     /lib/i386-linux-gnu/libselinux.so.1
88577000-88578000 rw-p 00000000 00:00 0 
88578000-885c8000 r-xp 00000000 08:05 1973201    /usr/lib/i386-linux-gnu/libgobject-2.0.so.0.4002.0
885c8000-885c9000 r--p 0004f000 08:05 1973201    /usr/lib/i386-linux-gnu/libgobject-2.0.so.0.4002.0
885c9000-885ca000 rw-p 00050000 08:05 1973201    /usr/lib/i386-linux-gnu/libgobject-2.0.so.0.4002.0
885ca000-885cb000 r--s 00001000 08:05 150470     /home/kassuskley/Desktop/khedma/Programming/WorkspaceJava/idsLab5Cloud/war/WEB-INF/lib/appengine-jsr107cache-1.9.34.jar
885cb000-885d1000 r--s 00017000 08:05 150472     /home/kassuskley/Desktop/khedma/Programming/WorkspaceJava/idsLab5Cloud/war/WEB-INF/lib/geronimo-jpa_2.0_spec-1.0.jar
885d1000-885e2000 r-xp 00000000 08:05 2099619    /usr/lib/jvm/java-7-openjdk-i386/jre/lib/i386/libnio.so
885e2000-885e3000 r--p 00010000 08:05 2099619    /usr/lib/jvm/java-7-openjdk-i386/jre/lib/i386/libnio.so
885e3000-885e4000 rw-p 00011000 08:05 2099619    /usr/lib/jvm/java-7-openjdk-i386/jre/lib/i386/libnio.so
885e4000-885fc000 r-xp 00000000 08:05 2099771    /usr/lib/jvm/java-7-openjdk-i386/jre/lib/i386/libnet.so
885fc000-885fd000 r--p 00017000 08:05 2099771    /usr/lib/jvm/java-7-openjdk-i386/jre/lib/i386/libnet.so
885fd000-885fe000 rw-p 00018000 08:05 2099771    /usr/lib/jvm/java-7-openjdk-i386/jre/lib/i386/libnet.so
885fe000-885ff000 ---p 00000000 00:00 0 
885ff000-8867f000 rw-p 00000000 00:00 0          [stack:5259]
8867f000-88682000 ---p 00000000 00:00 0 
88682000-88700000 rw-p 00000000 00:00 0          [stack:5257]
88700000-887fa000 rw-p 00000000 00:00 0 
887fa000-88800000 ---p 00000000 00:00 0 
88800000-88813000 r-xp 00000000 08:05 655631     /lib/i386-linux-gnu/libresolv-2.19.so
88813000-88814000 ---p 00013000 08:05 655631     /lib/i386-linux-gnu/libresolv-2.19.so
88814000-88815000 r--p 00013000 08:05 655631     /lib/i386-linux-gnu/libresolv-2.19.so
88815000-88816000 rw-p 00014000 08:05 655631     /lib/i386-linux-gnu/libresolv-2.19.so
88816000-88818000 rw-p 00000000 00:00 0 
88818000-8881b000 ---p 00000000 00:00 0 
8881b000-88899000 rw-p 00000000 00:00 0          [stack:5256]
88899000-88a9c000 r--s 022ba000 08:05 2911981    /home/kassuskley/Downloads/gwt-2.7.0/gwt-dev.jar
88a9c000-88bcc000 r--s 01d5b000 08:05 2911980    /home/kassuskley/Downloads/gwt-2.7.0/gwt-user.jar
88bcc000-88d00000 r--s 00f9a000 08:05 2909139    /home/kassuskley/Downloads/appengine-java-sdk-1.9.34/lib/user/appengine-api-1.0-sdk-1.9.34.jar
88d00000-88dff000 rw-p 00000000 00:00 0 
88dff000-88e00000 ---p 00000000 00:00 0 
88e00000-88e01000 r--s 00001000 08:05 150469     /home/kassuskley/Desktop/khedma/Programming/WorkspaceJava/idsLab5Cloud/war/WEB-INF/lib/jsr107cache-1.1.jar
88e01000-88e03000 r--s 00006000 08:05 2908800    /home/kassuskley/Downloads/appengine-java-sdk-1.9.34/lib/impl/agent/appengine-agentruntime.jar
88e03000-88e05000 r--s 00003000 08:05 2909106    /home/kassuskley/Downloads/appengine-java-sdk-1.9.34/lib/tools/jsp/repackaged-appengine-jakarta-jstl-1.1.2.jar
88e05000-88e07000 r-xp 00000000 08:05 656457     /lib/i386-linux-gnu/libnss_mdns4_minimal.so.2
88e07000-88e08000 r--p 00001000 08:05 656457     /lib/i386-linux-gnu/libnss_mdns4_minimal.so.2
88e08000-88e09000 rw-p 00002000 08:05 656457     /lib/i386-linux-gnu/libnss_mdns4_minimal.so.2
88e09000-88e0d000 r--s 0004f000 08:05 2099579    /usr/lib/jvm/java-7-openjdk-i386/jre/lib/jsse.jar
88e0d000-88e12000 r-xp 00000000 08:05 1980973    /usr/lib/i386-linux-gnu/libffi.so.6.0.1
88e12000-88e13000 r--p 00005000 08:05 1980973    /usr/lib/i386-linux-gnu/libffi.so.6.0.1
88e13000-88e14000 rw-p 00006000 08:05 1980973    /usr/lib/i386-linux-gnu/libffi.so.6.0.1
88e14000-88e17000 r-xp 00000000 08:05 1973177    /usr/lib/i386-linux-gnu/libgmodule-2.0.so.0.4002.0
88e17000-88e18000 r--p 00002000 08:05 1973177    /usr/lib/i386-linux-gnu/libgmodule-2.0.so.0.4002.0
88e18000-88e19000 rw-p 00003000 08:05 1973177    /usr/lib/i386-linux-gnu/libgmodule-2.0.so.0.4002.0
88e19000-88e1c000 ---p 00000000 00:00 0 
88e1c000-88e6a000 rw-p 00000000 00:00 0          [stack:5258]
88e6a000-88e6e000 r--s 0003e000 08:05 2908794    /home/kassuskley/Downloads/appengine-java-sdk-1.9.34/lib/agent/appengine-agentimpl.jar
88e6e000-88e6f000 r--s 00000000 08:05 2908792    /home/kassuskley/Downloads/appengine-java-sdk-1.9.34/lib/agent/appengine-agent.jar
88e6f000-88e71000 r--s 0000e000 08:05 2911999    /home/kassuskley/Downloads/gwt-2.7.0/validation-api-1.0.0.GA-sources.jar
88e71000-88e74000 r--s 00009000 08:05 2911998    /home/kassuskley/Downloads/gwt-2.7.0/validation-api-1.0.0.GA.jar
88e74000-88ec5000 rw-p 00000000 00:00 0 
88ec5000-88ec9000 r--s 0002d000 08:05 2911984    /home/kassuskley/Downloads/gwt-2.7.0/gwt-codeserver.jar
88ec9000-88ece000 r--s 00049000 08:05 2909046    /home/kassuskley/Downloads/appengine-java-sdk-1.9.34/lib/opt/user/datanucleus/v2/datanucleus-api-jdo-3.1.3.jar
88ece000-88ecf000 r--s 00003000 08:05 2909060    /home/kassuskley/Downloads/appengine-java-sdk-1.9.34/lib/opt/user/datanucleus/v2/jta-1.1.jar
88ecf000-88ee8000 r--s 0018e000 08:05 2909054    /home/kassuskley/Downloads/appengine-java-sdk-1.9.34/lib/opt/user/datanucleus/v2/datanucleus-core-3.1.3.jar
88ee8000-88eee000 r--s 0002c000 08:05 2909058    /home/kassuskley/Downloads/appengine-java-sdk-1.9.34/lib/opt/user/datanucleus/v2/jdo-api-3.0.1.jar
88eee000-88f1d000 r--s 001d1000 08:05 2909028    /home/kassuskley/Downloads/appengine-java-sdk-1.9.34/lib/opt/user/appengine-endpoints/v1/appengine-endpoints.jar
88f1d000-88f52000 r--s 0049c000 08:05 2909024    /home/kassuskley/Downloads/appengine-java-sdk-1.9.34/lib/opt/user/appengine-api-labs/v1/appengine-api-labs.jar
88f52000-8900d000 r--s 00856000 08:05 2908798    /home/kassuskley/Downloads/appengine-java-sdk-1.9.34/lib/appengine-tools-api.jar
8900d000-89010000 ---p 00000000 00:00 0 
89010000-8905e000 rw-p 00000000 00:00 0          [stack:5255]
8905e000-8925e000 r--p 00000000 08:05 1974461    /usr/lib/locale/locale-archive
8925e000-89261000 ---p 00000000 00:00 0 
89261000-892af000 rw-p 00000000 00:00 0          [stack:5254]
892af000-892b2000 ---p 00000000 00:00 0 
892b2000-89300000 rw-p 00000000 00:00 0          [stack:5253]
89300000-893fe000 rw-p 00000000 00:00 0 
893fe000-89400000 ---p 00000000 00:00 0 
89400000-89404000 r--s 0003b000 08:05 2909048    /home/kassuskley/Downloads/appengine-java-sdk-1.9.34/lib/opt/user/datanucleus/v2/datanucleus-api-jpa-3.1.3.jar
89404000-89405000 ---p 00000000 00:00 0 
89405000-894ce000 rw-p 00000000 00:00 0          [stack:5252]
894ce000-89680000 r--s 01d2f000 08:05 2099962    /usr/lib/jvm/java-7-openjdk-i386/jre/lib/rt.jar
89680000-8ad00000 rw-p 00000000 00:00 0 
8ad00000-8adfc000 rw-p 00000000 00:00 0 
8adfc000-8ae00000 ---p 00000000 00:00 0 
8ae00000-8ae02000 r--s 0000a000 08:05 2909044    /home/kassuskley/Downloads/appengine-java-sdk-1.9.34/lib/opt/user/datanucleus/v2/asm-4.0.jar
8ae02000-8ae08000 r--s 0004e000 08:05 2909051    /home/kassuskley/Downloads/appengine-java-sdk-1.9.34/lib/opt/user/datanucleus/v2/datanucleus-appengine-2.1.2.jar
8ae08000-8ae0e000 r--s 00017000 08:05 2909056    /home/kassuskley/Downloads/appengine-java-sdk-1.9.34/lib/opt/user/datanucleus/v2/geronimo-jpa_2.0_spec-1.0.jar
8ae0e000-8ae0f000 r--s 00001000 08:05 2909062    /home/kassuskley/Downloads/appengine-java-sdk-1.9.34/lib/opt/user/jsr107/v1/appengine-jsr107cache-1.9.34.jar
8ae0f000-8ae10000 r--s 00001000 08:05 2909064    /home/kassuskley/Downloads/appengine-java-sdk-1.9.34/lib/opt/user/jsr107/v1/jsr107cache-1.1.jar
8ae10000-8ae24000 r--s 0012b000 08:05 2909089    /home/kassuskley/Downloads/appengine-java-sdk-1.9.34/lib/shared/jsp/repackaged-appengine-ant-1.7.1.jar
8ae24000-8ae7f000 rw-p 00000000 00:00 0 
8ae7f000-8ae80000 ---p 00000000 00:00 0 
8ae80000-8af00000 rw-p 00000000 00:00 0          [stack:5251]
8af00000-8af4d000 rw-p 00000000 00:00 0 
8af4d000-8b000000 ---p 00000000 00:00 0 
8b000000-8b002000 r--s 00003000 08:05 2909026    /home/kassuskley/Downloads/appengine-java-sdk-1.9.34/lib/opt/user/appengine-endpoints/v1/appengine-endpoints-deps.jar
8b002000-8b004000 r--s 00014000 08:05 2909100    /home/kassuskley/Downloads/appengine-java-sdk-1.9.34/lib/shared/servlet-api.jar
8b004000-8b00b000 r--s 0007a000 08:05 2909093    /home/kassuskley/Downloads/appengine-java-sdk-1.9.34/lib/shared/jsp/repackaged-appengine-jasper-6.0.29.jar
8b00b000-8b00c000 r--s 00006000 08:05 2909097    /home/kassuskley/Downloads/appengine-java-sdk-1.9.34/lib/shared/jsp/repackaged-appengine-tomcat-juli-6.0.29.jar
8b00c000-8b00d000 r--s 00002000 08:05 2909091    /home/kassuskley/Downloads/appengine-java-sdk-1.9.34/lib/shared/jsp/repackaged-appengine-ant-launcher-1.7.1.jar
8b00d000-8b010000 r--s 00018000 08:05 2909095    /home/kassuskley/Downloads/appengine-java-sdk-1.9.34/lib/shared/jsp/repackaged-appengine-jasper-el-6.0.29.jar
8b010000-8b013000 r--s 00039000 08:05 2909070    /home/kassuskley/Downloads/appengine-java-sdk-1.9.34/lib/shared/appengine-local-runtime-shared.jar
8b013000-8b014000 ---p 00000000 00:00 0 
8b014000-8b09f000 rw-p 00000000 00:00 0          [stack:5250]
8b09f000-8b0d4000 rw-p 00000000 00:00 0 
8b0d4000-8b101000 rw-p 00000000 00:00 0 
8b101000-8b17f000 rw-p 00000000 00:00 0 
8b17f000-8b18a000 rw-p 00000000 00:00 0 
8b18a000-8b1bf000 rw-p 00000000 00:00 0 
8b1bf000-8b1ec000 rw-p 00000000 00:00 0 
8b1ec000-8b269000 rw-p 00000000 00:00 0 
8b269000-8b2b3000 rw-p 00000000 00:00 0 
8b2b3000-8b2bf000 rw-p 00000000 00:00 0 
8b2bf000-8c840000 rw-p 00000000 00:00 0 
8c840000-932c0000 rw-p 00000000 00:00 0 
932c0000-98b40000 rw-p 00000000 00:00 0 
98b40000-a8800000 rw-p 00000000 00:00 0 
a8800000-b1900000 rw-p 00000000 00:00 0 
b1900000-b32c0000 rw-p 00000000 00:00 0 
b32c0000-b32c2000 r--s 00011000 08:05 2909083    /home/kassuskley/Downloads/appengine-java-sdk-1.9.34/lib/shared/jsp-api.jar
b32c2000-b32c4000 r--s 00006000 08:05 2909074    /home/kassuskley/Downloads/appengine-java-sdk-1.9.34/lib/shared/el-api.jar
b32c4000-b32c8000 r--s 00085000 08:05 2099997    /usr/lib/jvm/java-7-openjdk-i386/jre/lib/ext/localedata.jar
b32c8000-b32cb000 r--s 0000f000 08:05 2101457    /usr/lib/jvm/java-7-openjdk-i386/jre/lib/ext/icedtea-sound.jar
b32cb000-b32cf000 r--s 00034000 08:05 2100004    /usr/lib/jvm/java-7-openjdk-i386/jre/lib/ext/sunjce_provider.jar
b32cf000-b32d3000 r--s 0003c000 08:05 2101454    /usr/lib/jvm/java-7-openjdk-i386/jre/lib/ext/sunpkcs11.jar
b32d3000-b32d5000 r--s 00012000 08:05 2101453    /usr/lib/jvm/java-7-openjdk-i386/jre/lib/ext/zipfs.jar
b32d5000-b32d7000 r--s 00006000 08:05 2367195    /usr/share/java/java-atk-wrapper.jar
b32d7000-b32e0000 rw-p 00000000 00:00 0 
b32e0000-b3397000 rw-p 00000000 00:00 0 
b3397000-b35d7000 rwxp 00000000 00:00 0 
b35d7000-b6397000 rw-p 00000000 00:00 0 
b6397000-b63a2000 r-xp 00000000 08:05 655644     /lib/i386-linux-gnu/libnss_files-2.19.so
b63a2000-b63a3000 r--p 0000a000 08:05 655644     /lib/i386-linux-gnu/libnss_files-2.19.so
b63a3000-b63a4000 rw-p 0000b000 08:05 655644     /lib/i386-linux-gnu/libnss_files-2.19.so
b63a4000-b63b9000 r-xp 00000000 08:05 655688     /lib/i386-linux-gnu/libnsl-2.19.so
b63b9000-b63ba000 r--p 00015000 08:05 655688     /lib/i386-linux-gnu/libnsl-2.19.so
b63ba000-b63bb000 rw-p 00016000 08:05 655688     /lib/i386-linux-gnu/libnsl-2.19.so
b63bb000-b63bd000 rw-p 00000000 00:00 0 
b63bd000-b63be000 r--s 00002000 08:05 2101455    /usr/lib/jvm/java-7-openjdk-i386/jre/lib/ext/dnsns.jar
b63be000-b63cd000 rw-p 00000000 00:00 0 
b63cd000-b63d5000 r-xp 00000000 08:05 2099603    /usr/lib/jvm/java-7-openjdk-i386/jre/lib/i386/libzip.so
b63d5000-b63d6000 r--p 00007000 08:05 2099603    /usr/lib/jvm/java-7-openjdk-i386/jre/lib/i386/libzip.so
b63d6000-b63d7000 rw-p 00008000 08:05 2099603    /usr/lib/jvm/java-7-openjdk-i386/jre/lib/i386/libzip.so
b63d7000-b63fe000 r-xp 00000000 08:05 2099715    /usr/lib/jvm/java-7-openjdk-i386/jre/lib/i386/libjava.so
b63fe000-b63ff000 r--p 00026000 08:05 2099715    /usr/lib/jvm/java-7-openjdk-i386/jre/lib/i386/libjava.so
b63ff000-b6400000 rw-p 00027000 08:05 2099715    /usr/lib/jvm/java-7-openjdk-i386/jre/lib/i386/libjava.so
b6400000-b64ff000 rw-p 00000000 00:00 0 
b64ff000-b6500000 ---p 00000000 00:00 0 
b6500000-b650a000 r-xp 00000000 08:05 655627     /lib/i386-linux-gnu/libnss_nis-2.19.so
b650a000-b650b000 r--p 00009000 08:05 655627     /lib/i386-linux-gnu/libnss_nis-2.19.so
b650b000-b650c000 rw-p 0000a000 08:05 655627     /lib/i386-linux-gnu/libnss_nis-2.19.so
b650c000-b6513000 r-xp 00000000 08:05 655619     /lib/i386-linux-gnu/libnss_compat-2.19.so
b6513000-b6514000 r--p 00006000 08:05 655619     /lib/i386-linux-gnu/libnss_compat-2.19.so
b6514000-b6515000 rw-p 00007000 08:05 655619     /lib/i386-linux-gnu/libnss_compat-2.19.so
b6515000-b6520000 r-xp 00000000 08:05 2099621    /usr/lib/jvm/java-7-openjdk-i386/jre/lib/i386/libinstrument.so
b6520000-b6521000 r--p 0000a000 08:05 2099621    /usr/lib/jvm/java-7-openjdk-i386/jre/lib/i386/libinstrument.so
b6521000-b6522000 rw-p 0000b000 08:05 2099621    /usr/lib/jvm/java-7-openjdk-i386/jre/lib/i386/libinstrument.so
b6522000-b6529000 r-xp 00000000 08:05 655634     /lib/i386-linux-gnu/librt-2.19.so
b6529000-b652a000 r--p 00006000 08:05 655634     /lib/i386-linux-gnu/librt-2.19.so
b652a000-b652b000 rw-p 00007000 08:05 655634     /lib/i386-linux-gnu/librt-2.19.so
b652b000-b652e000 ---p 00000000 00:00 0 
b652e000-b657c000 rw-p 00000000 00:00 0          [stack:5247]
b657c000-b6598000 r-xp 00000000 08:05 655532     /lib/i386-linux-gnu/libgcc_s.so.1
b6598000-b6599000 rw-p 0001b000 08:05 655532     /lib/i386-linux-gnu/libgcc_s.so.1
b6599000-b65dd000 r-xp 00000000 08:05 655604     /lib/i386-linux-gnu/libm-2.19.so
b65dd000-b65de000 r--p 00043000 08:05 655604     /lib/i386-linux-gnu/libm-2.19.so
b65de000-b65df000 rw-p 00044000 08:05 655604     /lib/i386-linux-gnu/libm-2.19.so
b65df000-b66bb000 r-xp 00000000 08:05 1969588    /usr/lib/i386-linux-gnu/libstdc++.so.6.0.19
b66bb000-b66bf000 r--p 000dc000 08:05 1969588    /usr/lib/i386-linux-gnu/libstdc++.so.6.0.19
b66bf000-b66c0000 rw-p 000e0000 08:05 1969588    /usr/lib/i386-linux-gnu/libstdc++.so.6.0.19
b66c0000-b66c7000 rw-p 00000000 00:00 0 
b66c7000-b70be000 r-xp 00000000 08:05 2099604    /usr/lib/jvm/java-7-openjdk-i386/jre/lib/i386/server/libjvm.so
b70be000-b7110000 r--p 009f7000 08:05 2099604    /usr/lib/jvm/java-7-openjdk-i386/jre/lib/i386/server/libjvm.so
b7110000-b7124000 rw-p 00a49000 08:05 2099604    /usr/lib/jvm/java-7-openjdk-i386/jre/lib/i386/server/libjvm.so
b7124000-b7541000 rw-p 00000000 00:00 0 
b7541000-b7559000 r-xp 00000000 08:05 656539     /lib/i386-linux-gnu/libz.so.1.2.8
b7559000-b755a000 r--p 00017000 08:05 656539     /lib/i386-linux-gnu/libz.so.1.2.8
b755a000-b755b000 rw-p 00018000 08:05 656539     /lib/i386-linux-gnu/libz.so.1.2.8
b755b000-b755c000 rw-p 00000000 00:00 0 
b755c000-b7574000 r-xp 00000000 08:05 655622     /lib/i386-linux-gnu/libpthread-2.19.so
b7574000-b7575000 r--p 00018000 08:05 655622     /lib/i386-linux-gnu/libpthread-2.19.so
b7575000-b7576000 rw-p 00019000 08:05 655622     /lib/i386-linux-gnu/libpthread-2.19.so
b7576000-b7578000 rw-p 00000000 00:00 0 
b7578000-b757b000 r-xp 00000000 08:05 655628     /lib/i386-linux-gnu/libdl-2.19.so
b757b000-b757c000 r--p 00002000 08:05 655628     /lib/i386-linux-gnu/libdl-2.19.so
b757c000-b757d000 rw-p 00003000 08:05 655628     /lib/i386-linux-gnu/libdl-2.19.so
b757d000-b7725000 r-xp 00000000 08:05 655633     /lib/i386-linux-gnu/libc-2.19.so
b7725000-b7727000 r--p 001a8000 08:05 655633     /lib/i386-linux-gnu/libc-2.19.so
b7727000-b7728000 rw-p 001aa000 08:05 655633     /lib/i386-linux-gnu/libc-2.19.so
b7728000-b772b000 rw-p 00000000 00:00 0 
b772b000-b7733000 rw-s 00000000 08:05 398995     /tmp/hsperfdata_kassuskley/5244
b7733000-b7734000 rw-p 00000000 00:00 0 
b7734000-b7735000 r--p 00000000 00:00 0 
b7735000-b7743000 r-xp 00000000 08:05 2099615    /usr/lib/jvm/java-7-openjdk-i386/jre/lib/i386/libverify.so
b7743000-b7744000 r--p 0000d000 08:05 2099615    /usr/lib/jvm/java-7-openjdk-i386/jre/lib/i386/libverify.so
b7744000-b7745000 rw-p 0000e000 08:05 2099615    /usr/lib/jvm/java-7-openjdk-i386/jre/lib/i386/libverify.so
b7745000-b7751000 r-xp 00000000 08:05 2099598    /usr/lib/jvm/java-7-openjdk-i386/jre/lib/i386/jli/libjli.so
b7751000-b7752000 r--p 0000c000 08:05 2099598    /usr/lib/jvm/java-7-openjdk-i386/jre/lib/i386/jli/libjli.so
b7752000-b7753000 rw-p 0000d000 08:05 2099598    /usr/lib/jvm/java-7-openjdk-i386/jre/lib/i386/jli/libjli.so
b7753000-b7756000 rw-p 00000000 00:00 0 
b7756000-b7757000 r-xp 00000000 00:00 0          [vdso]
b7757000-b7777000 r-xp 00000000 08:05 655646     /lib/i386-linux-gnu/ld-2.19.so
b7777000-b7778000 r--p 0001f000 08:05 655646     /lib/i386-linux-gnu/ld-2.19.so
b7778000-b7779000 rw-p 00020000 08:05 655646     /lib/i386-linux-gnu/ld-2.19.so
bfd62000-bfd63000 rwxp 00000000 00:00 0 
bfd94000-bfdb6000 rw-p 00000000 00:00 0          [stack]

VM Arguments:
jvm_args: -Ddatastore.default_high_rep_job_policy_unapplied_job_pct=50 -Xmx512m -javaagent:/home/kassuskley/Downloads/appengine-java-sdk-1.9.34/lib/agent/appengine-agent.jar -Dfile.encoding=ANSI_X3.4-1968 
java_command: com.google.gwt.dev.DevMode -remoteUI 57027:7681424939504 -startupUrl createAccount.jsp -logLevel INFO -codeServerPort 9997 -port 8888 -server com.google.appengine.tools.development.gwt.AppEngineLauncher -nosuperDevMode -war /home/kassuskley/Desktop/khedma/Programming/WorkspaceJava/idsLab5Cloud/war servlet.IdsLab5Cloud
Launcher Type: SUN_STANDARD

Environment Variables:
PATH=/usr/local/sbin:/usr/local/bin:/usr/sbin:/usr/bin:/sbin:/bin:/usr/games:/usr/local/games
USERNAME=kassuskley
LD_LIBRARY_PATH=/usr/lib/jvm/java-7-openjdk-i386/jre/lib/i386/server:/usr/lib/jvm/java-7-openjdk-i386/jre/lib/i386:/usr/lib/jvm/java-7-openjdk-i386/jre/../lib/i386:/usr/lib/jvm/java-7-openjdk-i386/jre/lib/i386/client:/usr/lib/jvm/java-7-openjdk-i386/jre/lib/i386:
SHELL=/bin/bash
DISPLAY=:0

Signal Handlers:
SIGSEGV: [libjvm.so+0x813b10], sa_mask[0]=0x7ffbfeff, sa_flags=0x10000004
SIGBUS: [libjvm.so+0x813b10], sa_mask[0]=0x7ffbfeff, sa_flags=0x10000004
SIGFPE: [libjvm.so+0x6893f0], sa_mask[0]=0x7ffbfeff, sa_flags=0x10000004
SIGPIPE: [libjvm.so+0x6893f0], sa_mask[0]=0x7ffbfeff, sa_flags=0x10000004
SIGXFSZ: [libjvm.so+0x6893f0], sa_mask[0]=0x7ffbfeff, sa_flags=0x10000004
SIGILL: [libjvm.so+0x6893f0], sa_mask[0]=0x7ffbfeff, sa_flags=0x10000004
SIGUSR1: SIG_DFL, sa_mask[0]=0x00000000, sa_flags=0x00000000
SIGUSR2: [libjvm.so+0x689280], sa_mask[0]=0x00000004, sa_flags=0x10000004
SIGHUP: [libjvm.so+0x6894b0], sa_mask[0]=0x7ffbfeff, sa_flags=0x10000004
SIGINT: [libjvm.so+0x6894b0], sa_mask[0]=0x7ffbfeff, sa_flags=0x10000004
SIGTERM: [libjvm.so+0x6894b0], sa_mask[0]=0x7ffbfeff, sa_flags=0x10000004
SIGQUIT: [libjvm.so+0x6894b0], sa_mask[0]=0x7ffbfeff, sa_flags=0x10000004
SIGTRAP: SIG_DFL, sa_mask[0]=0x00000000, sa_flags=0x00000000


---------------  S Y S T E M  ---------------

OS:LinuxMint 17.1 (rebecca)
uname:Linux 3.13.0-37-generic #64-Ubuntu SMP Mon Sep 22 21:30:01 UTC 2014 i686
libc:glibc 2.19 NPTL 2.19 
rlimit: STACK 8192k, CORE 0k, NPROC 62896, NOFILE 4096, AS infinity
load average:0.31 0.19 0.24

/proc/meminfo:
MemTotal:        8078744 kB
MemFree:         5805968 kB
Buffers:          110392 kB
Cached:          1270936 kB
SwapCached:            0 kB
Active:          1234396 kB
Inactive:         957504 kB
Active(anon):     811844 kB
Inactive(anon):   270976 kB
Active(file):     422552 kB
Inactive(file):   686528 kB
Unevictable:           0 kB
Mlocked:               0 kB
HighTotal:       7269280 kB
HighFree:        5298144 kB
LowTotal:         809464 kB
LowFree:          507824 kB
SwapTotal:             0 kB
SwapFree:              0 kB
Dirty:               568 kB
Writeback:             0 kB
AnonPages:        785272 kB
Mapped:           200784 kB
Shmem:            272236 kB
Slab:              48816 kB
SReclaimable:      34092 kB
SUnreclaim:        14724 kB
KernelStack:        2952 kB
PageTables:         6848 kB
NFS_Unstable:          0 kB
Bounce:                0 kB
WritebackTmp:          0 kB
CommitLimit:     4039372 kB
Committed_AS:    2704936 kB
VmallocTotal:     122880 kB
VmallocUsed:       15820 kB
VmallocChunk:     101792 kB
HardwareCorrupted:     0 kB
AnonHugePages:    329728 kB
HugePages_Total:       0
HugePages_Free:        0
HugePages_Rsvd:        0
HugePages_Surp:        0
Hugepagesize:       2048 kB
DirectMap4k:       12280 kB
DirectMap2M:      901120 kB


CPU:total 2 (2 cores per cpu, 1 threads per core) family 6 model 37 stepping 5, cmov, cx8, fxsr, mmx, sse, sse2, sse3, ssse3, popcnt, tsc, tscinvbit

/proc/cpuinfo:
processor	: 0
vendor_id	: GenuineIntel
cpu family	: 6
model		: 37
model name	: Intel(R) Celeron(R) CPU        U3600  @ 1.20GHz
stepping	: 5
microcode	: 0x2
cpu MHz		: 1197.000
cache size	: 2048 KB
physical id	: 0
siblings	: 2
core id		: 0
cpu cores	: 2
apicid		: 0
initial apicid	: 0
fdiv_bug	: no
f00f_bug	: no
coma_bug	: no
fpu		: yes
fpu_exception	: yes
cpuid level	: 11
wp		: yes
flags		: fpu vme de pse tsc msr pae mce cx8 apic sep mtrr pge mca cmov pat pse36 clflush dts acpi mmx fxsr sse sse2 ss ht tm pbe nx rdtscp lm constant_tsc arch_perfmon pebs bts xtopology nonstop_tsc aperfmperf pni dtes64 monitor ds_cpl vmx est tm2 ssse3 cx16 xtpr pdcm pcid popcnt lahf_lm arat dtherm tpr_shadow vnmi flexpriority ept vpid
bogomips	: 2393.65
clflush size	: 64
cache_alignment	: 64
address sizes	: 36 bits physical, 48 bits virtual
power management:

processor	: 1
vendor_id	: GenuineIntel
cpu family	: 6
model		: 37
model name	: Intel(R) Celeron(R) CPU        U3600  @ 1.20GHz
stepping	: 5
microcode	: 0x2
cpu MHz		: 1197.000
cache size	: 2048 KB
physical id	: 0
siblings	: 2
core id		: 2
cpu cores	: 2
apicid		: 4
initial apicid	: 4
fdiv_bug	: no
f00f_bug	: no
coma_bug	: no
fpu		: yes
fpu_exception	: yes
cpuid level	: 11
wp		: yes
flags		: fpu vme de pse tsc msr pae mce cx8 apic sep mtrr pge mca cmov pat pse36 clflush dts acpi mmx fxsr sse sse2 ss ht tm pbe nx rdtscp lm constant_tsc arch_perfmon pebs bts xtopology nonstop_tsc aperfmperf pni dtes64 monitor ds_cpl vmx est tm2 ssse3 cx16 xtpr pdcm pcid popcnt lahf_lm arat dtherm tpr_shadow vnmi flexpriority ept vpid
bogomips	: 2393.65
clflush size	: 64
cache_alignment	: 64
address sizes	: 36 bits physical, 48 bits virtual
power management:



Memory: 4k page, physical 8078744k(5805968k free), swap 0k(0k free)

vm_info: OpenJDK Server VM (24.95-b01) for linux-x86 JRE (1.7.0_95-b00), built on Jan 21 2016 03:37:15 by "buildd" with gcc 4.8.4

time: Tue Apr 26 22:09:35 2016
elapsed time: 1955 seconds

